<?xml version="1.0" encoding="UTF-8"?>
<!-- Generated by org.testng.reporters.JUnitReportReporter -->
<testsuite skipped="0" hostname="DESKTOP-1TD0P2K" name="org.test.TestNg" tests="3" failures="0" timestamp="19 Oct 2022 08:37:49 GMT" time="38.885" errors="0">
  <testcase name="tc3" time="15.216" classname="org.test.TestNg"/>
  <testcase name="tc2" time="10.887" classname="org.test.TestNg"/>
  <testcase name="tc1" time="12.782" classname="org.test.TestNg"/>
</testsuite> <!-- org.test.TestNg -->
